<?xml version="1.0" encoding="UTF-8"?>
<!-- Generated by org.testng.reporters.JUnitReportReporter -->
<testsuite hostname="DESKTOP-5VFDL3B" failures="0" tests="2" name="Session_43.Before_after_method" time="0.010" errors="0" timestamp="2025-03-23T22:12:09 IST" skipped="0">
  <testcase classname="Session_43.Before_after_method" name="search" time="0.008"/>
  <testcase classname="Session_43.Before_after_method" name="advsearch" time="0.002"/>
</testsuite> <!-- Session_43.Before_after_method -->
