<?xml version="1.0" encoding="UTF-8"?>
<!-- Generated by org.testng.reporters.JUnitReportReporter -->
<testsuite hostname="DESKTOP-5VFDL3B" failures="0" tests="1" name="Session_47.testcases" time="5.356" errors="0" timestamp="2025-03-30T20:07:37 IST" skipped="0">
  <testcase classname="Session_47.testcases" name="testlogin" time="5.356"/>
</testsuite> <!-- Session_47.testcases -->
