<?xml version="1.0" encoding="UTF-8"?>
<!-- Generated by org.testng.reporters.JUnitReportReporter -->
<testsuite hostname="DESKTOP-RevatiQA" failures="0" tests="1" name="Session_44.dependencies" time="0.001" errors="0" timestamp="2025-03-24T17:53:32 IST" skipped="0">
  <testcase classname="Session_44.dependencies" name="number" time="0.001"/>
  <system-out/>
</testsuite> <!-- Session_44.dependencies -->
