<?xml version="1.0" encoding="UTF-8"?>
<!-- Generated by org.testng.reporters.JUnitReportReporter -->
<testsuite hostname="DESKTOP-RevatiQA" failures="0" tests="1" name="Session_43.assertions" time="0.011" errors="0" timestamp="2025-03-24T17:35:13 IST" skipped="0">
  <testcase classname="Session_43.assertions" name="pass" time="0.011"/>
  <system-out/>
</testsuite> <!-- Session_43.assertions -->
