<?xml version="1.0" encoding="UTF-8"?>
<!-- Generated by org.testng.reporters.JUnitReportReporter -->
<testsuite hostname="DESKTOP-5VFDL3B" failures="0" tests="2" name="Session_42.firsttestngclass" time="7.763" errors="0" timestamp="2025-03-23T16:43:56 IST" skipped="0">
  <testcase classname="Session_42.firsttestngclass" name="open_application" time="2.514"/>
  <testcase classname="Session_42.firsttestngclass" name="Login" time="5.249"/>
</testsuite> <!-- Session_42.firsttestngclass -->
